0 info it worked if it ends with ok
1 verbose cli [ '/usr/bin/nodejs', '/usr/bin/npm', 'run', 'build' ]
2 info using npm@3.5.2
3 info using node@v4.2.6
4 verbose run-script [ 'prebuild', 'build', 'postbuild' ]
5 info lifecycle showmetheposter@1.0.0~prebuild: showmetheposter@1.0.0
6 silly lifecycle showmetheposter@1.0.0~prebuild: no script for prebuild, continuing
7 info lifecycle showmetheposter@1.0.0~build: showmetheposter@1.0.0
8 verbose lifecycle showmetheposter@1.0.0~build: unsafe-perm in lifecycle true
9 verbose lifecycle showmetheposter@1.0.0~build: PATH: /usr/share/npm/bin/node-gyp-bin:/home/ubuntu/showmetheposter/node_modules/.bin:/usr/local/sbin:/usr/local/bin:/usr/sbin:/usr/bin:/sbin:/bin:/snap/bin
10 verbose lifecycle showmetheposter@1.0.0~build: CWD: /home/ubuntu/showmetheposter
11 silly lifecycle showmetheposter@1.0.0~build: Args: [ '-c',
11 silly lifecycle   'babel server --out-dir build && ./node_modules/.bin/webpack' ]
12 silly lifecycle showmetheposter@1.0.0~build: Returned: code: 2  signal: null
13 info lifecycle showmetheposter@1.0.0~build: Failed to exec build script
14 verbose stack Error: showmetheposter@1.0.0 build: `babel server --out-dir build && ./node_modules/.bin/webpack`
14 verbose stack Exit status 2
14 verbose stack     at EventEmitter.<anonymous> (/usr/share/npm/lib/utils/lifecycle.js:232:16)
14 verbose stack     at emitTwo (events.js:87:13)
14 verbose stack     at EventEmitter.emit (events.js:172:7)
14 verbose stack     at ChildProcess.<anonymous> (/usr/share/npm/lib/utils/spawn.js:24:14)
14 verbose stack     at emitTwo (events.js:87:13)
14 verbose stack     at ChildProcess.emit (events.js:172:7)
14 verbose stack     at maybeClose (internal/child_process.js:821:16)
14 verbose stack     at Process.ChildProcess._handle.onexit (internal/child_process.js:211:5)
15 verbose pkgid showmetheposter@1.0.0
16 verbose cwd /home/ubuntu/showmetheposter
17 error Linux 4.4.0-59-generic
18 error argv "/usr/bin/nodejs" "/usr/bin/npm" "run" "build"
19 error node v4.2.6
20 error npm  v3.5.2
21 error code ELIFECYCLE
22 error showmetheposter@1.0.0 build: `babel server --out-dir build && ./node_modules/.bin/webpack`
22 error Exit status 2
23 error Failed at the showmetheposter@1.0.0 build script 'babel server --out-dir build && ./node_modules/.bin/webpack'.
23 error Make sure you have the latest version of node.js and npm installed.
23 error If you do, this is most likely a problem with the showmetheposter package,
23 error not with npm itself.
23 error Tell the author that this fails on your system:
23 error     babel server --out-dir build && ./node_modules/.bin/webpack
23 error You can get information on how to open an issue for this project with:
23 error     npm bugs showmetheposter
23 error Or if that isn't available, you can get their info via:
23 error     npm owner ls showmetheposter
23 error There is likely additional logging output above.
24 verbose exit [ 1, true ]
